[2022-04-03 20:41:46] Start:DcfTask
DuplicatedCodeFinder 10.0.0 Java (Build:f8fa7a1c28) - (C) 2001-2021 FrontEndART Ltd.
Integrated 3rd party tool(s): SonarQube
Initializing lim...
There is no valid license!
Loading (1.00): D:\GitRepos\2022SourceMeter-CasadoCristianDavid\junit5-r5.8.1\.columbus_java\V2.ljsi
Using patternFilter...
Loading (1.00): D:\GitRepos\2022SourceMeter-CasadoCristianDavid\junit5-r5.8.1\.columbus_java\V2.ljsi
Detecting clones...
Generating clone instances...
Applying filters...
Computing clone coverage...
Evolution mapping...
Finalizing...
Building clone tree...
Done

Statistics:
	Detection time      :1543 1/100sec
	Peak memory usage   :509 MByte
[2022-04-03 20:42:01] End:DcfTask Result:OK
