[2022-04-03 20:41:46] Start:PMD2GraphTask
PMD2Graph 10.0.0 (Build:f8fa7a1c28) - (C) 2001-2021 FrontEndART Ltd.
Integrated 3rd party tool(s): SonarQube
Loading LIM ASG file "D:\GitRepos\2022SourceMeter-CasadoCristianDavid\results\V2\java\2022-04-03-20-40-54\sourcemeter\asg\V2.lim"
Loading filter file "D:\GitRepos\2022SourceMeter-CasadoCristianDavid\results\V2\java\2022-04-03-20-40-54\sourcemeter\asg\V2.flim"
Loading xml file "D:\GitRepos\2022SourceMeter-CasadoCristianDavid\results\V2\java\2022-04-03-20-40-54\sourcemeter\temp\V2-PMD.xml"
Warning: Warning 'PMD_UBA' has already been added. (node:L23340 path:D:\GitRepos\2022SourceMeter-CasadoCristianDavid\junit5-r5.8.1\junit-jupiter-engine\src\test\java\org\junit\jupiter\engine\StandardTestClassTests.java line:144 col:4 endline:144 endcol:19 text:'assertTrue(true) or similar statements are unnecessary')
Warning: Warning 'PMD_UBA' has already been added. (node:L23341 path:D:\GitRepos\2022SourceMeter-CasadoCristianDavid\junit5-r5.8.1\junit-jupiter-engine\src\test\java\org\junit\jupiter\engine\StandardTestClassTests.java line:149 col:4 endline:149 endcol:19 text:'assertTrue(true) or similar statements are unnecessary')
Warning: Warning 'PMD_UBA' has already been added. (node:L23347 path:D:\GitRepos\2022SourceMeter-CasadoCristianDavid\junit5-r5.8.1\junit-jupiter-engine\src\test\java\org\junit\jupiter\engine\StandardTestClassTests.java line:182 col:4 endline:182 endcol:19 text:'assertTrue(true) or similar statements are unnecessary')
Warning: Warning 'PMD_UBA' has already been added. (node:L23348 path:D:\GitRepos\2022SourceMeter-CasadoCristianDavid\junit5-r5.8.1\junit-jupiter-engine\src\test\java\org\junit\jupiter\engine\StandardTestClassTests.java line:187 col:4 endline:187 endcol:19 text:'assertTrue(true) or similar statements are unnecessary')
Warning: Warning 'PMD_UBA' has already been added. (node:L23351 path:D:\GitRepos\2022SourceMeter-CasadoCristianDavid\junit5-r5.8.1\junit-jupiter-engine\src\test\java\org\junit\jupiter\engine\StandardTestClassTests.java line:201 col:4 endline:201 endcol:19 text:'assertTrue(true) or similar statements are unnecessary')
Warning: Warning 'PMD_UBA' has already been added. (node:L23352 path:D:\GitRepos\2022SourceMeter-CasadoCristianDavid\junit5-r5.8.1\junit-jupiter-engine\src\test\java\org\junit\jupiter\engine\StandardTestClassTests.java line:206 col:4 endline:206 endcol:19 text:'assertTrue(true) or similar statements are unnecessary')
Warning: Warning 'PMD_UBA' has already been added. (node:L23353 path:D:\GitRepos\2022SourceMeter-CasadoCristianDavid\junit5-r5.8.1\junit-jupiter-engine\src\test\java\org\junit\jupiter\engine\StandardTestClassTests.java line:211 col:4 endline:211 endcol:19 text:'assertTrue(true) or similar statements are unnecessary')
Warning: Warning 'PMD_JUASIM' has already been added. (node:L23508 path:D:\GitRepos\2022SourceMeter-CasadoCristianDavid\junit5-r5.8.1\junit-jupiter-engine\src\test\java\org\junit\jupiter\engine\TestInstanceLifecycleKotlinTests.java line:44 col:3 endline:44 endcol:12 text:'JUnit assertions should include a message')
Warning: Warning 'PMD_JUASIM' has already been added. (node:L23508 path:D:\GitRepos\2022SourceMeter-CasadoCristianDavid\junit5-r5.8.1\junit-jupiter-engine\src\test\java\org\junit\jupiter\engine\TestInstanceLifecycleKotlinTests.java line:44 col:3 endline:44 endcol:12 text:'JUnit assertions should include a message')
Warning: Warning 'PMD_JUASIM' has already been added. (node:L23508 path:D:\GitRepos\2022SourceMeter-CasadoCristianDavid\junit5-r5.8.1\junit-jupiter-engine\src\test\java\org\junit\jupiter\engine\TestInstanceLifecycleKotlinTests.java line:44 col:3 endline:44 endcol:12 text:'JUnit assertions should include a message')
Warning: Warning 'PMD_JUASIM' has already been added. (node:L23508 path:D:\GitRepos\2022SourceMeter-CasadoCristianDavid\junit5-r5.8.1\junit-jupiter-engine\src\test\java\org\junit\jupiter\engine\TestInstanceLifecycleKotlinTests.java line:44 col:3 endline:44 endcol:12 text:'JUnit assertions should include a message')
Warning: Warning 'PMD_JUASIM' has already been added. (node:L23509 path:D:\GitRepos\2022SourceMeter-CasadoCristianDavid\junit5-r5.8.1\junit-jupiter-engine\src\test\java\org\junit\jupiter\engine\TestInstanceLifecycleKotlinTests.java line:67 col:3 endline:67 endcol:12 text:'JUnit assertions should include a message')
Warning: Warning 'PMD_JUASIM' has already been added. (node:L23509 path:D:\GitRepos\2022SourceMeter-CasadoCristianDavid\junit5-r5.8.1\junit-jupiter-engine\src\test\java\org\junit\jupiter\engine\TestInstanceLifecycleKotlinTests.java line:70 col:3 endline:70 endcol:12 text:'JUnit assertions should include a message')
Warning: Warning 'PMD_JUASIM' has already been added. (node:L23509 path:D:\GitRepos\2022SourceMeter-CasadoCristianDavid\junit5-r5.8.1\junit-jupiter-engine\src\test\java\org\junit\jupiter\engine\TestInstanceLifecycleKotlinTests.java line:70 col:3 endline:70 endcol:12 text:'JUnit assertions should include a message')
Warning: Warning 'PMD_JUASIM' has already been added. (node:L23509 path:D:\GitRepos\2022SourceMeter-CasadoCristianDavid\junit5-r5.8.1\junit-jupiter-engine\src\test\java\org\junit\jupiter\engine\TestInstanceLifecycleKotlinTests.java line:74 col:3 endline:74 endcol:12 text:'JUnit assertions should include a message')
Warning: Warning 'PMD_JUASIM' has already been added. (node:L23509 path:D:\GitRepos\2022SourceMeter-CasadoCristianDavid\junit5-r5.8.1\junit-jupiter-engine\src\test\java\org\junit\jupiter\engine\TestInstanceLifecycleKotlinTests.java line:74 col:3 endline:74 endcol:12 text:'JUnit assertions should include a message')
Warning: Warning 'PMD_UASIOAT' has already been added. (node:L18276 path:D:\GitRepos\2022SourceMeter-CasadoCristianDavid\junit5-r5.8.1\junit-jupiter-engine\src\test\java\org\junit\jupiter\engine\extension\ExtensionRegistrationViaParametersAndFieldsTests.java line:505 col:74 endline:505 endcol:97 text:'Use assertSame(x, y) instead of assertTrue(x==y), or assertNotSame(x,y) vs assertFalse(x==y)')
Warning: Warning 'PMD_UBA' has already been added. (node:L19627 path:D:\GitRepos\2022SourceMeter-CasadoCristianDavid\junit5-r5.8.1\junit-jupiter-engine\src\test\java\org\junit\jupiter\engine\extension\ParameterResolverTests.java line:350 col:4 endline:350 endcol:19 text:'assertTrue(true) or similar statements are unnecessary')
Warning: Warning 'PMD_ARP' has already been added. (node:L28579 path:D:\GitRepos\2022SourceMeter-CasadoCristianDavid\junit5-r5.8.1\junit-platform-commons\src\main\java9\org\junit\platform\commons\util\ModuleUtils.java line:196 col:35 endline:196 endcol:46 text:'Avoid reassigning parameters such as 'resourceName'')
Warning: Warning 'PMD_ARP' has already been added. (node:L50537 path:D:\GitRepos\2022SourceMeter-CasadoCristianDavid\junit5-r5.8.1\platform-tooling-support-tests\src\main\java\platform\tooling\support\Helper.java line:77 col:57 endline:77 endcol:60 text:'Avoid reassigning parameters such as 'line'')
Warning: Warning 'PMD_ARP' has already been added. (node:L50537 path:D:\GitRepos\2022SourceMeter-CasadoCristianDavid\junit5-r5.8.1\platform-tooling-support-tests\src\main\java\platform\tooling\support\Helper.java line:77 col:57 endline:77 endcol:60 text:'Avoid reassigning parameters such as 'line'')
[2022-04-03 20:41:48] End:PMD2GraphTask Result:OK
