[2022-04-03 20:50:01] Start:PMD2GraphTask
PMD2Graph 10.0.0 (Build:f8fa7a1c28) - (C) 2001-2021 FrontEndART Ltd.
Integrated 3rd party tool(s): SonarQube
Loading LIM ASG file "D:\GitRepos\2022SourceMeter-CasadoCristianDavid\results\V3\java\2022-04-03-20-49-11\sourcemeter\asg\V3.lim"
Loading filter file "D:\GitRepos\2022SourceMeter-CasadoCristianDavid\results\V3\java\2022-04-03-20-49-11\sourcemeter\asg\V3.flim"
Loading xml file "D:\GitRepos\2022SourceMeter-CasadoCristianDavid\results\V3\java\2022-04-03-20-49-11\sourcemeter\temp\V3-PMD.xml"
Warning: Warning 'PMD_UBA' has already been added. (node:L23356 path:D:\GitRepos\2022SourceMeter-CasadoCristianDavid\junit5-r5.8.2\junit-jupiter-engine\src\test\java\org\junit\jupiter\engine\StandardTestClassTests.java line:144 col:4 endline:144 endcol:19 text:'assertTrue(true) or similar statements are unnecessary')
Warning: Warning 'PMD_UBA' has already been added. (node:L23357 path:D:\GitRepos\2022SourceMeter-CasadoCristianDavid\junit5-r5.8.2\junit-jupiter-engine\src\test\java\org\junit\jupiter\engine\StandardTestClassTests.java line:149 col:4 endline:149 endcol:19 text:'assertTrue(true) or similar statements are unnecessary')
Warning: Warning 'PMD_UBA' has already been added. (node:L23363 path:D:\GitRepos\2022SourceMeter-CasadoCristianDavid\junit5-r5.8.2\junit-jupiter-engine\src\test\java\org\junit\jupiter\engine\StandardTestClassTests.java line:182 col:4 endline:182 endcol:19 text:'assertTrue(true) or similar statements are unnecessary')
Warning: Warning 'PMD_UBA' has already been added. (node:L23364 path:D:\GitRepos\2022SourceMeter-CasadoCristianDavid\junit5-r5.8.2\junit-jupiter-engine\src\test\java\org\junit\jupiter\engine\StandardTestClassTests.java line:187 col:4 endline:187 endcol:19 text:'assertTrue(true) or similar statements are unnecessary')
Warning: Warning 'PMD_UBA' has already been added. (node:L23367 path:D:\GitRepos\2022SourceMeter-CasadoCristianDavid\junit5-r5.8.2\junit-jupiter-engine\src\test\java\org\junit\jupiter\engine\StandardTestClassTests.java line:201 col:4 endline:201 endcol:19 text:'assertTrue(true) or similar statements are unnecessary')
Warning: Warning 'PMD_UBA' has already been added. (node:L23368 path:D:\GitRepos\2022SourceMeter-CasadoCristianDavid\junit5-r5.8.2\junit-jupiter-engine\src\test\java\org\junit\jupiter\engine\StandardTestClassTests.java line:206 col:4 endline:206 endcol:19 text:'assertTrue(true) or similar statements are unnecessary')
Warning: Warning 'PMD_UBA' has already been added. (node:L23369 path:D:\GitRepos\2022SourceMeter-CasadoCristianDavid\junit5-r5.8.2\junit-jupiter-engine\src\test\java\org\junit\jupiter\engine\StandardTestClassTests.java line:211 col:4 endline:211 endcol:19 text:'assertTrue(true) or similar statements are unnecessary')
Warning: Warning 'PMD_JUASIM' has already been added. (node:L23524 path:D:\GitRepos\2022SourceMeter-CasadoCristianDavid\junit5-r5.8.2\junit-jupiter-engine\src\test\java\org\junit\jupiter\engine\TestInstanceLifecycleKotlinTests.java line:44 col:3 endline:44 endcol:12 text:'JUnit assertions should include a message')
Warning: Warning 'PMD_JUASIM' has already been added. (node:L23524 path:D:\GitRepos\2022SourceMeter-CasadoCristianDavid\junit5-r5.8.2\junit-jupiter-engine\src\test\java\org\junit\jupiter\engine\TestInstanceLifecycleKotlinTests.java line:44 col:3 endline:44 endcol:12 text:'JUnit assertions should include a message')
Warning: Warning 'PMD_JUASIM' has already been added. (node:L23524 path:D:\GitRepos\2022SourceMeter-CasadoCristianDavid\junit5-r5.8.2\junit-jupiter-engine\src\test\java\org\junit\jupiter\engine\TestInstanceLifecycleKotlinTests.java line:44 col:3 endline:44 endcol:12 text:'JUnit assertions should include a message')
Warning: Warning 'PMD_JUASIM' has already been added. (node:L23524 path:D:\GitRepos\2022SourceMeter-CasadoCristianDavid\junit5-r5.8.2\junit-jupiter-engine\src\test\java\org\junit\jupiter\engine\TestInstanceLifecycleKotlinTests.java line:44 col:3 endline:44 endcol:12 text:'JUnit assertions should include a message')
Warning: Warning 'PMD_JUASIM' has already been added. (node:L23525 path:D:\GitRepos\2022SourceMeter-CasadoCristianDavid\junit5-r5.8.2\junit-jupiter-engine\src\test\java\org\junit\jupiter\engine\TestInstanceLifecycleKotlinTests.java line:67 col:3 endline:67 endcol:12 text:'JUnit assertions should include a message')
Warning: Warning 'PMD_JUASIM' has already been added. (node:L23525 path:D:\GitRepos\2022SourceMeter-CasadoCristianDavid\junit5-r5.8.2\junit-jupiter-engine\src\test\java\org\junit\jupiter\engine\TestInstanceLifecycleKotlinTests.java line:70 col:3 endline:70 endcol:12 text:'JUnit assertions should include a message')
Warning: Warning 'PMD_JUASIM' has already been added. (node:L23525 path:D:\GitRepos\2022SourceMeter-CasadoCristianDavid\junit5-r5.8.2\junit-jupiter-engine\src\test\java\org\junit\jupiter\engine\TestInstanceLifecycleKotlinTests.java line:70 col:3 endline:70 endcol:12 text:'JUnit assertions should include a message')
Warning: Warning 'PMD_JUASIM' has already been added. (node:L23525 path:D:\GitRepos\2022SourceMeter-CasadoCristianDavid\junit5-r5.8.2\junit-jupiter-engine\src\test\java\org\junit\jupiter\engine\TestInstanceLifecycleKotlinTests.java line:74 col:3 endline:74 endcol:12 text:'JUnit assertions should include a message')
Warning: Warning 'PMD_JUASIM' has already been added. (node:L23525 path:D:\GitRepos\2022SourceMeter-CasadoCristianDavid\junit5-r5.8.2\junit-jupiter-engine\src\test\java\org\junit\jupiter\engine\TestInstanceLifecycleKotlinTests.java line:74 col:3 endline:74 endcol:12 text:'JUnit assertions should include a message')
Warning: Warning 'PMD_UASIOAT' has already been added. (node:L18287 path:D:\GitRepos\2022SourceMeter-CasadoCristianDavid\junit5-r5.8.2\junit-jupiter-engine\src\test\java\org\junit\jupiter\engine\extension\ExtensionRegistrationViaParametersAndFieldsTests.java line:505 col:74 endline:505 endcol:97 text:'Use assertSame(x, y) instead of assertTrue(x==y), or assertNotSame(x,y) vs assertFalse(x==y)')
Warning: Warning 'PMD_UBA' has already been added. (node:L19638 path:D:\GitRepos\2022SourceMeter-CasadoCristianDavid\junit5-r5.8.2\junit-jupiter-engine\src\test\java\org\junit\jupiter\engine\extension\ParameterResolverTests.java line:350 col:4 endline:350 endcol:19 text:'assertTrue(true) or similar statements are unnecessary')
Warning: Warning 'PMD_ARP' has already been added. (node:L28707 path:D:\GitRepos\2022SourceMeter-CasadoCristianDavid\junit5-r5.8.2\junit-platform-commons\src\main\java9\org\junit\platform\commons\util\ModuleUtils.java line:196 col:35 endline:196 endcol:46 text:'Avoid reassigning parameters such as 'resourceName'')
Warning: Warning 'PMD_ARP' has already been added. (node:L50659 path:D:\GitRepos\2022SourceMeter-CasadoCristianDavid\junit5-r5.8.2\platform-tooling-support-tests\src\main\java\platform\tooling\support\Helper.java line:80 col:57 endline:80 endcol:60 text:'Avoid reassigning parameters such as 'line'')
Warning: Warning 'PMD_ARP' has already been added. (node:L50659 path:D:\GitRepos\2022SourceMeter-CasadoCristianDavid\junit5-r5.8.2\platform-tooling-support-tests\src\main\java\platform\tooling\support\Helper.java line:80 col:57 endline:80 endcol:60 text:'Avoid reassigning parameters such as 'line'')
[2022-04-03 20:50:03] End:PMD2GraphTask Result:OK
